<?xml version="1.0" encoding="UTF-8"?>
<!-- Generated by org.testng.reporters.JUnitReportReporter -->
<testsuite skipped="0" hostname="LAPTOP-61JURE49" name="RestAssuredFramework" tests="1" failures="0" timestamp="2020-11-25T13:13:21 IST" time="3.654" errors="0">
  <testcase name="test_01" time="3.654" classname="RestAssuredFramework"/>
  <system-out/>
</testsuite> <!-- RestAssuredFramework -->
