<?xml version="1.0" encoding="UTF-8"?>
<!-- Generated by org.testng.reporters.JUnitReportReporter -->
<testsuite skipped="0" hostname="LAPTOP-61JURE49" name="postRequest.postRequest" tests="1" failures="0" timestamp="2020-11-28T12:31:11 IST" time="4.574" errors="0">
  <testcase name="postRequestMethod" time="4.574" classname="postRequest.postRequest"/>
  <system-out/>
</testsuite> <!-- postRequest.postRequest -->
