<?xml version="1.0" encoding="UTF-8"?>
<!-- Generated by org.testng.reporters.JUnitReportReporter -->
<testsuite skipped="0" hostname="LAPTOP-61JURE49" name="restFramework.Usercheck" tests="2" failures="0" timestamp="01 Jan 2021 07:58:13 GMT" time="4.260" errors="0">
  <testcase name="getEmployeenegative" time="1.046" classname="restFramework.Usercheck"/>
  <testcase name="getEmployee" time="3.214" classname="restFramework.Usercheck"/>
</testsuite> <!-- restFramework.Usercheck -->
