<?xml version="1.0" encoding="UTF-8"?>
<!-- Generated by org.testng.reporters.JUnitReportReporter -->
<testsuite skipped="0" hostname="LAPTOP-61JURE49" name="getRequest.GetMethod" tests="1" failures="0" timestamp="06 Jan 2021 07:10:21 GMT" time="0.014" errors="0">
  <testcase name="get" time="0.014" classname="getRequest.GetMethod"/>
</testsuite> <!-- getRequest.GetMethod -->
